<?xml version="1.0" encoding="UTF-8"?>
<!-- Generated by org.testng.reporters.JUnitXMLReporter -->
<testsuite hostname="MAC-Xiaoming.local" name="Initial Database" tests="9" failures="0" timestamp="7 Aug 2018 18:39:12 GMT" time="1.335" errors="0">
  <testcase name="testSearchByAuthor" time="0.113" classname="pers.xiaoming.elasticsearch_springboot.service.ElasticSearchServiceTest"/>
  <testcase name="testSearchByAuthorNot" time="0.151" classname="pers.xiaoming.elasticsearch_springboot.service.ElasticSearchServiceTest"/>
  <testcase name="testSearchByAuthorWithPage" time="0.019" classname="pers.xiaoming.elasticsearch_springboot.service.ElasticSearchServiceTest"/>
  <testcase name="testSearchByAuthorWithPageLimit1" time="0.005" classname="pers.xiaoming.elasticsearch_springboot.service.ElasticSearchServiceTest"/>
  <testcase name="testSearchByAuthorWithPageStartFromPageTwo" time="0.006" classname="pers.xiaoming.elasticsearch_springboot.service.ElasticSearchServiceTest"/>
  <testcase name="testSearchByContent" time="0.052" classname="pers.xiaoming.elasticsearch_springboot.service.ElasticSearchServiceTest"/>
  <testcase name="testSearchByTitle" time="0.018" classname="pers.xiaoming.elasticsearch_springboot.service.ElasticSearchServiceTest"/>
  <testcase name="testSearchByTitleContains" time="0.038" classname="pers.xiaoming.elasticsearch_springboot.service.ElasticSearchServiceTest"/>
  <testcase name="testSearchByTitleContainsAndAuthor" time="0.022" classname="pers.xiaoming.elasticsearch_springboot.service.ElasticSearchServiceTest"/>
</testsuite> <!-- Initial Database -->
