<?xml version="1.0" encoding="UTF-8"?>
<!-- Generated by org.testng.reporters.JUnitXMLReporter -->
<testsuite hostname="MAC-Xiaoming.local" name="Initial Database" tests="9" failures="0" timestamp="7 Aug 2018 01:01:49 GMT" time="1.327" errors="0">
  <testcase name="testSearchByAuthor" time="0.094" classname="pers.xiaoming.elasticsearch_springboot.service.ElasticSearchServiceTest"/>
  <testcase name="testSearchByAuthorNot" time="0.121" classname="pers.xiaoming.elasticsearch_springboot.service.ElasticSearchServiceTest"/>
  <testcase name="testSearchByAuthorWithPage" time="0.021" classname="pers.xiaoming.elasticsearch_springboot.service.ElasticSearchServiceTest"/>
  <testcase name="testSearchByAuthorWithPageLimit1" time="0.006" classname="pers.xiaoming.elasticsearch_springboot.service.ElasticSearchServiceTest"/>
  <testcase name="testSearchByAuthorWithPageStartFromPageTwo" time="0.006" classname="pers.xiaoming.elasticsearch_springboot.service.ElasticSearchServiceTest"/>
  <testcase name="testSearchByContent" time="0.055" classname="pers.xiaoming.elasticsearch_springboot.service.ElasticSearchServiceTest"/>
  <testcase name="testSearchByTitle" time="0.018" classname="pers.xiaoming.elasticsearch_springboot.service.ElasticSearchServiceTest"/>
  <testcase name="testSearchByTitleContains" time="0.041" classname="pers.xiaoming.elasticsearch_springboot.service.ElasticSearchServiceTest"/>
  <testcase name="testSearchByTitleContainsAndAuthor" time="0.02" classname="pers.xiaoming.elasticsearch_springboot.service.ElasticSearchServiceTest"/>
</testsuite> <!-- Initial Database -->
