<?xml version="1.0" encoding="UTF-8"?>
<testsuite xmlns:xsi="http://www.w3.org/2001/XMLSchema-instance" xsi:noNamespaceSchemaLocation="https://maven.apache.org/surefire/maven-surefire-plugin/xsd/surefire-test-report.xsd" name="TestSuite" time="9.66" tests="10" errors="0" skipped="0" failures="0">
  <properties>
[...]
</properties>
  <testcase name="testCURD" classname="pers.xiaoming.elasticsearch_springboot.service.BlogServiceTest" time="0.083"/>
  <testcase name="testSearchByAuthor" classname="pers.xiaoming.elasticsearch_springboot.service.ElasticSearchServiceTest" time="0.094"/>
  <testcase name="testSearchByAuthorNot" classname="pers.xiaoming.elasticsearch_springboot.service.ElasticSearchServiceTest" time="0.122"/>
  <testcase name="testSearchByAuthorWithPage" classname="pers.xiaoming.elasticsearch_springboot.service.ElasticSearchServiceTest" time="0.02"/>
  <testcase name="testSearchByAuthorWithPageLimit1" classname="pers.xiaoming.elasticsearch_springboot.service.ElasticSearchServiceTest" time="0.005"/>
  <testcase name="testSearchByAuthorWithPageStartFromPageTwo" classname="pers.xiaoming.elasticsearch_springboot.service.ElasticSearchServiceTest" time="0.005"/>
  <testcase name="testSearchByContent" classname="pers.xiaoming.elasticsearch_springboot.service.ElasticSearchServiceTest" time="0.055"/>
  <testcase name="testSearchByTitle" classname="pers.xiaoming.elasticsearch_springboot.service.ElasticSearchServiceTest" time="0.015"/>
  <testcase name="testSearchByTitleContains" classname="pers.xiaoming.elasticsearch_springboot.service.ElasticSearchServiceTest" time="0.041"/>
  <testcase name="testSearchByTitleContainsAndAuthor" classname="pers.xiaoming.elasticsearch_springboot.service.ElasticSearchServiceTest" time="0.018"/>
</testsuite>